<?xml version="1.0" encoding="UTF-8"?>
<!-- Generated by org.testng.reporters.JUnitReportReporter -->
<testsuite hostname="LAPTOP-CED8IJSV" failures="0" tests="3" name="simplePackage.SeleniumScenariosTest" time="0.027" errors="0" timestamp="5 Nov 2022 07:05:42 GMT">
  <testcase classname="simplePackage.SeleniumScenariosTest" name="sampleTest3" time="0.002"/>
  <testcase classname="simplePackage.SeleniumScenariosTest" name="sampleTest2" time="0.002"/>
  <testcase classname="simplePackage.SeleniumScenariosTest" name="sampleTest1" time="0.023"/>
</testsuite> <!-- simplePackage.SeleniumScenariosTest -->
